  [1m[35m (2.8ms)[0m  [1m[35mCREATE TABLE "schema_migrations" ("version" varchar NOT NULL PRIMARY KEY)[0m
  [1m[35m (0.3ms)[0m  [1m[35mCREATE TABLE "ar_internal_metadata" ("key" varchar NOT NULL PRIMARY KEY, "value" varchar, "created_at" datetime(6) NOT NULL, "updated_at" datetime(6) NOT NULL)[0m
  [1m[36mActiveRecord::InternalMetadata Load (0.1ms)[0m  [1m[34mSELECT * FROM "ar_internal_metadata" WHERE "ar_internal_metadata"."key" = ? ORDER BY "ar_internal_metadata"."key" ASC LIMIT 1[0m  [[nil, "environment"]]
  [1m[36mActiveRecord::InternalMetadata Create (0.2ms)[0m  [1m[32mINSERT INTO "ar_internal_metadata" ("key", "value", "created_at", "updated_at") VALUES ('environment', 'development', '2024-05-13 12:22:10.526151', '2024-05-13 12:22:10.526155') RETURNING "key"[0m
  [1m[36mActiveRecord::SchemaMigration Load (0.1ms)[0m  [1m[34mSELECT "schema_migrations"."version" FROM "schema_migrations" ORDER BY "schema_migrations"."version" ASC[0m
Migrating to CreatePosts (20240513122203)
  [1m[36mTRANSACTION (0.1ms)[0m  [1m[36mbegin transaction[0m
  [1m[35m (1.4ms)[0m  [1m[35mCREATE TABLE "posts" ("id" integer PRIMARY KEY AUTOINCREMENT NOT NULL, "title" varchar, "body" text, "published" boolean, "created_at" datetime(6) NOT NULL, "updated_at" datetime(6) NOT NULL)[0m
  [1m[36mActiveRecord::SchemaMigration Create (0.2ms)[0m  [1m[32mINSERT INTO "schema_migrations" ("version") VALUES ('20240513122203') RETURNING "version"[0m
  [1m[36mTRANSACTION (0.2ms)[0m  [1m[36mcommit transaction[0m
  [1m[36mActiveRecord::SchemaMigration Load (0.2ms)[0m  [1m[34mSELECT "schema_migrations"."version" FROM "schema_migrations" ORDER BY "schema_migrations"."version" ASC[0m
Started GET "/" for 127.0.0.1 at 2024-05-13 17:52:36 +0530
  [1m[36mActiveRecord::SchemaMigration Load (0.1ms)[0m  [1m[34mSELECT "schema_migrations"."version" FROM "schema_migrations" ORDER BY "schema_migrations"."version" ASC[0m
Processing by Rails::WelcomeController#index as HTML
  Rendering /home/rohit/.rvm/gems/ruby-3.1.2/gems/railties-7.1.3.2/lib/rails/templates/rails/welcome/index.html.erb
  Rendered /home/rohit/.rvm/gems/ruby-3.1.2/gems/railties-7.1.3.2/lib/rails/templates/rails/welcome/index.html.erb (Duration: 0.9ms | Allocations: 383)
Completed 200 OK in 29ms (Views: 9.3ms | ActiveRecord: 0.0ms | Allocations: 7503)


Started GET "/posts" for 127.0.0.1 at 2024-05-13 17:52:42 +0530
Processing by PostsController#index as HTML
  Rendering layout layouts/application.html.erb
  Rendering posts/index.html.erb within layouts/application
  [1m[36mPost Load (0.1ms)[0m  [1m[34mSELECT "posts".* FROM "posts"[0m
  ↳ app/views/posts/index.html.erb:6
  Rendered posts/index.html.erb within layouts/application (Duration: 6.8ms | Allocations: 1928)
  Rendered layout layouts/application.html.erb (Duration: 388.5ms | Allocations: 93677)
Completed 200 OK in 425ms (Views: 390.1ms | ActiveRecord: 1.6ms | Allocations: 103150)


Started GET "/posts/new" for 127.0.0.1 at 2024-05-13 17:52:44 +0530
Processing by PostsController#new as HTML
  Rendering layout layouts/application.html.erb
  Rendering posts/new.html.erb within layouts/application
  Rendered posts/_form.html.erb (Duration: 18.8ms | Allocations: 5560)
  Rendered posts/new.html.erb within layouts/application (Duration: 19.9ms | Allocations: 5915)
  Rendered layout layouts/application.html.erb (Duration: 22.2ms | Allocations: 7208)
Completed 200 OK in 54ms (Views: 23.3ms | ActiveRecord: 1.0ms | Allocations: 18086)


Started POST "/posts" for 127.0.0.1 at 2024-05-13 17:52:50 +0530
Processing by PostsController#create as TURBO_STREAM
  Parameters: {"authenticity_token"=>"[FILTERED]", "post"=>{"title"=>"mm", "body"=>"j", "published"=>"1"}, "commit"=>"Create Post"}
  [1m[36mTRANSACTION (0.1ms)[0m  [1m[36mbegin transaction[0m
  ↳ app/controllers/posts_controller.rb:27:in `block in create'
  [1m[36mPost Create (1.4ms)[0m  [1m[32mINSERT INTO "posts" ("title", "body", "published", "created_at", "updated_at") VALUES (?, ?, ?, ?, ?) RETURNING "id"[0m  [["title", "mm"], ["body", "j"], ["published", 1], ["created_at", "2024-05-13 12:22:50.601750"], ["updated_at", "2024-05-13 12:22:50.601750"]]
  ↳ app/controllers/posts_controller.rb:27:in `block in create'
  [1m[36mTRANSACTION (1.6ms)[0m  [1m[36mcommit transaction[0m
  ↳ app/controllers/posts_controller.rb:27:in `block in create'
Redirected to http://127.0.0.1:3000/posts/1
Completed 302 Found in 8ms (ActiveRecord: 3.0ms | Allocations: 4237)


Started GET "/posts/1" for 127.0.0.1 at 2024-05-13 17:52:50 +0530
Processing by PostsController#show as TURBO_STREAM
  Parameters: {"id"=>"1"}
  [1m[36mPost Load (0.1ms)[0m  [1m[34mSELECT "posts".* FROM "posts" WHERE "posts"."id" = ? LIMIT ?[0m  [["id", 1], ["LIMIT", 1]]
  ↳ app/controllers/posts_controller.rb:63:in `set_post'
  Rendering layout layouts/application.html.erb
  Rendering posts/show.html.erb within layouts/application
  Rendered posts/_post.html.erb (Duration: 0.6ms | Allocations: 243)
  Rendered posts/show.html.erb within layouts/application (Duration: 3.9ms | Allocations: 1608)
  Rendered layout layouts/application.html.erb (Duration: 5.9ms | Allocations: 2878)
Completed 200 OK in 11ms (Views: 6.5ms | ActiveRecord: 0.1ms | Allocations: 6133)


Started GET "/posts" for 127.0.0.1 at 2024-05-13 17:52:51 +0530
Processing by PostsController#index as HTML
  Rendering layout layouts/application.html.erb
  Rendering posts/index.html.erb within layouts/application
  [1m[36mPost Load (0.3ms)[0m  [1m[34mSELECT "posts".* FROM "posts"[0m
  ↳ app/views/posts/index.html.erb:6
  Rendered posts/_post.html.erb (Duration: 0.2ms | Allocations: 19)
  Rendered posts/index.html.erb within layouts/application (Duration: 7.7ms | Allocations: 1183)
  Rendered layout layouts/application.html.erb (Duration: 14.9ms | Allocations: 2347)
Completed 200 OK in 19ms (Views: 16.6ms | ActiveRecord: 0.2ms | Allocations: 2652)


Started GET "/posts" for 127.0.0.1 at 2024-05-13 17:52:53 +0530
Processing by PostsController#index as HTML
  Rendering layout layouts/application.html.erb
  Rendering posts/index.html.erb within layouts/application
  [1m[36mPost Load (0.3ms)[0m  [1m[34mSELECT "posts".* FROM "posts"[0m
  ↳ app/views/posts/index.html.erb:6
  Rendered posts/_post.html.erb (Duration: 0.5ms | Allocations: 19)
  Rendered posts/index.html.erb within layouts/application (Duration: 10.9ms | Allocations: 1053)
  Rendered layout layouts/application.html.erb (Duration: 19.8ms | Allocations: 2214)
Completed 200 OK in 24ms (Views: 21.8ms | ActiveRecord: 0.3ms | Allocations: 2492)


Started DELETE "/posts/1" for 127.0.0.1 at 2024-05-13 17:52:54 +0530
Processing by PostsController#destroy as TURBO_STREAM
  Parameters: {"authenticity_token"=>"[FILTERED]", "id"=>"1"}
  [1m[36mPost Load (0.1ms)[0m  [1m[34mSELECT "posts".* FROM "posts" WHERE "posts"."id" = ? LIMIT ?[0m  [["id", 1], ["LIMIT", 1]]
  ↳ app/controllers/posts_controller.rb:63:in `set_post'
  [1m[36mTRANSACTION (0.1ms)[0m  [1m[36mbegin transaction[0m
  ↳ app/controllers/posts_controller.rb:52:in `destroy'
  [1m[36mPost Destroy (1.0ms)[0m  [1m[31mDELETE FROM "posts" WHERE "posts"."id" = ?[0m  [["id", 1]]
  ↳ app/controllers/posts_controller.rb:52:in `destroy'
  [1m[36mTRANSACTION (0.1ms)[0m  [1m[36mcommit transaction[0m
  ↳ app/controllers/posts_controller.rb:52:in `destroy'
Redirected to http://127.0.0.1:3000/posts
Completed 302 Found in 8ms (ActiveRecord: 1.2ms | Allocations: 2864)


Started GET "/posts" for 127.0.0.1 at 2024-05-13 17:52:54 +0530
Processing by PostsController#index as TURBO_STREAM
  Rendering layout layouts/application.html.erb
  Rendering posts/index.html.erb within layouts/application
  [1m[36mPost Load (0.1ms)[0m  [1m[34mSELECT "posts".* FROM "posts"[0m
  ↳ app/views/posts/index.html.erb:6
  Rendered posts/index.html.erb within layouts/application (Duration: 1.6ms | Allocations: 934)
  Rendered layout layouts/application.html.erb (Duration: 3.2ms | Allocations: 2095)
Completed 200 OK in 4ms (Views: 3.6ms | ActiveRecord: 0.1ms | Allocations: 2367)


